0 info it worked if it ends with ok
1 verbose cli [ '/usr/local/Cellar/node4-lts/4.4.3/bin/node',
1 verbose cli   '/usr/local/bin/npm',
1 verbose cli   'start' ]
2 info using npm@3.9.2
3 info using node@v4.4.3
4 warn invalid config registry="https://"
5 warn invalid config Must be a full url with 'http://'
6 verbose run-script [ 'prestart', 'start', 'poststart' ]
7 info lifecycle angular2-quickstart@1.0.0~prestart: angular2-quickstart@1.0.0
8 silly lifecycle angular2-quickstart@1.0.0~prestart: no script for prestart, continuing
9 info lifecycle angular2-quickstart@1.0.0~start: angular2-quickstart@1.0.0
10 verbose lifecycle angular2-quickstart@1.0.0~start: unsafe-perm in lifecycle true
11 verbose lifecycle angular2-quickstart@1.0.0~start: PATH: /usr/local/lib/node_modules/npm/bin/node-gyp-bin:/Users/aliotta/Desktop/helloAngular2/node_modules/.bin:/usr/local/Cellar/node4-lts/4.4.3/bin:/usr/local/bin:/usr/bin:/bin:/usr/sbin:/sbin:/usr/local/bin:/usr/local/sbin:/usr/bin:/usr/sbin:/bin:/sbin
12 verbose lifecycle angular2-quickstart@1.0.0~start: CWD: /Users/aliotta/Desktop/helloAngular2
13 silly lifecycle angular2-quickstart@1.0.0~start: Args: [ '-c', 'tsc && concurrently "npm run tsc:w" "npm run lite" ' ]
14 silly lifecycle angular2-quickstart@1.0.0~start: Returned: code: 2  signal: null
15 info lifecycle angular2-quickstart@1.0.0~start: Failed to exec start script
16 verbose stack Error: angular2-quickstart@1.0.0 start: `tsc && concurrently "npm run tsc:w" "npm run lite" `
16 verbose stack Exit status 2
16 verbose stack     at EventEmitter.<anonymous> (/usr/local/lib/node_modules/npm/lib/utils/lifecycle.js:245:16)
16 verbose stack     at emitTwo (events.js:87:13)
16 verbose stack     at EventEmitter.emit (events.js:172:7)
16 verbose stack     at ChildProcess.<anonymous> (/usr/local/lib/node_modules/npm/lib/utils/spawn.js:24:14)
16 verbose stack     at emitTwo (events.js:87:13)
16 verbose stack     at ChildProcess.emit (events.js:172:7)
16 verbose stack     at maybeClose (internal/child_process.js:827:16)
16 verbose stack     at Process.ChildProcess._handle.onexit (internal/child_process.js:211:5)
17 verbose pkgid angular2-quickstart@1.0.0
18 verbose cwd /Users/aliotta/Desktop/helloAngular2
19 error Darwin 15.3.0
20 error argv "/usr/local/Cellar/node4-lts/4.4.3/bin/node" "/usr/local/bin/npm" "start"
21 error node v4.4.3
22 error npm  v3.9.2
23 error code ELIFECYCLE
24 error angular2-quickstart@1.0.0 start: `tsc && concurrently "npm run tsc:w" "npm run lite" `
24 error Exit status 2
25 error Failed at the angular2-quickstart@1.0.0 start script 'tsc && concurrently "npm run tsc:w" "npm run lite" '.
25 error Make sure you have the latest version of node.js and npm installed.
25 error If you do, this is most likely a problem with the angular2-quickstart package,
25 error not with npm itself.
25 error Tell the author that this fails on your system:
25 error     tsc && concurrently "npm run tsc:w" "npm run lite"
25 error You can get information on how to open an issue for this project with:
25 error     npm bugs angular2-quickstart
25 error Or if that isn't available, you can get their info via:
25 error     npm owner ls angular2-quickstart
25 error There is likely additional logging output above.
26 verbose exit [ 1, true ]
